<?xml version="1.0" encoding="UTF-8"?>
<robot generator="Robot 3.1.2 (Python 3.8.1 on win32)" generated="20200222 18:31:38.004" rpa="false">
<suite id="s1" name="Amazon" source="C:\development\robot-scripts\AmazonPage\tests\amazon.robot">
<test id="s1-t1" name="Example">
<kw name="Email" library="FakerLibrary">
<assign>
<var>${email}</var>
</assign>
<msg timestamp="20200222 18:31:38.741" level="INFO">${email} = bcollins@west.com</msg>
<status status="PASS" starttime="20200222 18:31:38.741" endtime="20200222 18:31:38.741"></status>
</kw>
<kw name="Log To Console" library="BuiltIn">
<doc>Logs the given message to the console.</doc>
<arguments>
<arg>\nemail: ${email}</arg>
</arguments>
<status status="PASS" starttime="20200222 18:31:38.741" endtime="20200222 18:31:38.741"></status>
</kw>
<status status="PASS" starttime="20200222 18:31:38.741" endtime="20200222 18:31:38.741" critical="yes"></status>
</test>
<status status="PASS" starttime="20200222 18:31:38.004" endtime="20200222 18:31:38.741"></status>
</suite>
<statistics>
<total>
<stat pass="1" fail="0">Critical Tests</stat>
<stat pass="1" fail="0">All Tests</stat>
</total>
<tag>
</tag>
<suite>
<stat pass="1" fail="0" id="s1" name="Amazon">Amazon</stat>
</suite>
</statistics>
<errors>
</errors>
</robot>
